0 silly argv {
0 silly argv   _: [ 'run' ],
0 silly argv   since: 'HEAD',
0 silly argv   'exclude-dependents': true,
0 silly argv   excludeDependents: true,
0 silly argv   parallel: true,
0 silly argv   '--': [ 'watch' ],
0 silly argv   lernaVersion: '4.0.0',
0 silly argv   '$0': '/Users/colin/Work/open_source/cross2d/codehike/node_modules/.bin/lerna',
0 silly argv   script: 'x'
0 silly argv }
1 notice cli v4.0.0
2 verbose rootPath /Users/colin/Work/open_source/cross2d/codehike
3 error JSONError: Unexpected token "}" (0x7D) in JSON at position 701 while parsing near "...13d7ae23803453e31\",\n}\n" in packages/smooth-column/package.json
3 error
3 error [0m [90m 31 | [39m  }[33m,[39m[0m
3 error [0m [90m 32 | [39m  [32m"gitHead"[39m[33m:[39m [32m"e374cd30bd6663aac5323ea13d7ae23803453e31"[39m[33m,[39m[0m
3 error [0m[31m[1m>[22m[39m[90m 33 | [39m}[0m
3 error [0m [90m    | [39m[31m[1m^[22m[39m[0m
3 error [0m [90m 34 | [39m[0m
3 error
3 error     at module.exports (/Users/colin/Work/open_source/cross2d/codehike/node_modules/parse-json/index.js:29:21)
3 error     at parse (/Users/colin/Work/open_source/cross2d/codehike/node_modules/@lerna/project/node_modules/load-json-file/index.js:15:9)
3 error     at module.exports (/Users/colin/Work/open_source/cross2d/codehike/node_modules/@lerna/project/node_modules/load-json-file/index.js:18:47)
